[INFO] Scanning for projects...
[INFO] ------------------------------------------------------------------------
[INFO] Reactor Build Order:
[INFO] 
[INFO] test
[INFO] common
[INFO] utils
[INFO] entities
[INFO] models
[INFO] dao
[INFO] services
[INFO] verify-ui
[INFO] verify-test
[INFO] test-tools
[INFO]                                                                         
[INFO] ------------------------------------------------------------------------
[INFO] Building test 1.0-SNAPSHOT
[INFO] ------------------------------------------------------------------------
[INFO] 
[INFO] --- maven-clean-plugin:2.5:clean (default-clean) @ test ---
[INFO]                                                                         
[INFO] ------------------------------------------------------------------------
[INFO] Building common 1.0-SNAPSHOT
[INFO] ------------------------------------------------------------------------
[INFO] 
[INFO] --- maven-clean-plugin:2.5:clean (default-clean) @ common ---
[INFO] Deleting /home/peng/test-codes/heika-test/common/target
[INFO] 
[INFO] --- maven-resources-plugin:2.6:resources (default-resources) @ common ---
[INFO] Using 'UTF-8' encoding to copy filtered resources.
[INFO] skip non existing resourceDirectory /home/peng/test-codes/heika-test/common/src/main/resources
[INFO] 
[INFO] --- maven-compiler-plugin:3.1:compile (default-compile) @ common ---
[INFO] Changes detected - recompiling the module!
[INFO] Compiling 15 source files to /home/peng/test-codes/heika-test/common/target/classes
[INFO] 
[INFO] --- maven-resources-plugin:2.6:testResources (default-testResources) @ common ---
[INFO] Using 'UTF-8' encoding to copy filtered resources.
[INFO] skip non existing resourceDirectory /home/peng/test-codes/heika-test/common/src/test/resources
[INFO] 
[INFO] --- maven-compiler-plugin:3.1:testCompile (default-testCompile) @ common ---
[INFO] Not compiling test sources
[INFO] 
[INFO] --- maven-surefire-plugin:2.18.1:test (default-test) @ common ---
[INFO] Tests are skipped.
[INFO] 
[INFO] --- maven-jar-plugin:2.4:jar (default-jar) @ common ---
[INFO] Building jar: /home/peng/test-codes/heika-test/common/target/common-1.0-SNAPSHOT.jar
[INFO]                                                                         
[INFO] ------------------------------------------------------------------------
[INFO] Building utils 1.0-SNAPSHOT
[INFO] ------------------------------------------------------------------------
[INFO] 
[INFO] --- maven-clean-plugin:2.5:clean (default-clean) @ utils ---
[INFO] Deleting /home/peng/test-codes/heika-test/utils/target
[INFO] 
[INFO] --- maven-resources-plugin:2.6:resources (default-resources) @ utils ---
[INFO] Using 'UTF-8' encoding to copy filtered resources.
[INFO] Copying 0 resource
[INFO] 
[INFO] --- maven-compiler-plugin:3.1:compile (default-compile) @ utils ---
[INFO] Changes detected - recompiling the module!
[INFO] Compiling 9 source files to /home/peng/test-codes/heika-test/utils/target/classes
[WARNING] /home/peng/test-codes/heika-test/utils/src/main/java/com/heika/test/utils/TreeNode.java: Some input files use unchecked or unsafe operations.
[WARNING] /home/peng/test-codes/heika-test/utils/src/main/java/com/heika/test/utils/TreeNode.java: Recompile with -Xlint:unchecked for details.
[INFO] 
[INFO] --- maven-resources-plugin:2.6:testResources (default-testResources) @ utils ---
[INFO] Using 'UTF-8' encoding to copy filtered resources.
[INFO] skip non existing resourceDirectory /home/peng/test-codes/heika-test/utils/src/test/resources
[INFO] 
[INFO] --- maven-compiler-plugin:3.1:testCompile (default-testCompile) @ utils ---
[INFO] Nothing to compile - all classes are up to date
[INFO] 
[INFO] --- maven-surefire-plugin:2.18.1:test (default-test) @ utils ---
[INFO] Tests are skipped.
[INFO] 
[INFO] --- maven-jar-plugin:2.4:jar (default-jar) @ utils ---
[INFO] Building jar: /home/peng/test-codes/heika-test/utils/target/utils-1.0-SNAPSHOT.jar
[INFO]                                                                         
[INFO] ------------------------------------------------------------------------
[INFO] Building entities 1.0-SNAPSHOT
[INFO] ------------------------------------------------------------------------
[INFO] 
[INFO] --- maven-clean-plugin:2.5:clean (default-clean) @ entities ---
[INFO] Deleting /home/peng/test-codes/heika-test/entities/target
[INFO] 
[INFO] --- maven-resources-plugin:2.6:resources (default-resources) @ entities ---
[INFO] Using 'UTF-8' encoding to copy filtered resources.
[INFO] skip non existing resourceDirectory /home/peng/test-codes/heika-test/entities/src/main/resources
[INFO] 
[INFO] --- maven-compiler-plugin:3.1:compile (default-compile) @ entities ---
[INFO] Changes detected - recompiling the module!
[INFO] Compiling 14 source files to /home/peng/test-codes/heika-test/entities/target/classes
[INFO] 
[INFO] --- maven-resources-plugin:2.6:testResources (default-testResources) @ entities ---
[INFO] Using 'UTF-8' encoding to copy filtered resources.
[INFO] skip non existing resourceDirectory /home/peng/test-codes/heika-test/entities/src/test/resources
[INFO] 
[INFO] --- maven-compiler-plugin:3.1:testCompile (default-testCompile) @ entities ---
[INFO] No sources to compile
[INFO] 
[INFO] --- maven-surefire-plugin:2.18.1:test (default-test) @ entities ---
[INFO] Tests are skipped.
[INFO] 
[INFO] --- maven-jar-plugin:2.4:jar (default-jar) @ entities ---
[INFO] Building jar: /home/peng/test-codes/heika-test/entities/target/entities-1.0-SNAPSHOT.jar
[INFO]                                                                         
[INFO] ------------------------------------------------------------------------
[INFO] Building models 1.0-SNAPSHOT
[INFO] ------------------------------------------------------------------------
[INFO] 
[INFO] --- maven-clean-plugin:2.5:clean (default-clean) @ models ---
[INFO] Deleting /home/peng/test-codes/heika-test/models/target
[INFO] 
[INFO] --- maven-resources-plugin:2.6:resources (default-resources) @ models ---
[INFO] Using 'UTF-8' encoding to copy filtered resources.
[INFO] Copying 0 resource
[INFO] 
[INFO] --- maven-compiler-plugin:3.1:compile (default-compile) @ models ---
[INFO] Changes detected - recompiling the module!
[INFO] Compiling 8 source files to /home/peng/test-codes/heika-test/models/target/classes
[INFO] 
[INFO] --- maven-resources-plugin:2.6:testResources (default-testResources) @ models ---
[INFO] Using 'UTF-8' encoding to copy filtered resources.
[INFO] skip non existing resourceDirectory /home/peng/test-codes/heika-test/models/src/test/resources
[INFO] 
[INFO] --- maven-compiler-plugin:3.1:testCompile (default-testCompile) @ models ---
[INFO] Nothing to compile - all classes are up to date
[INFO] 
[INFO] --- maven-surefire-plugin:2.18.1:test (default-test) @ models ---
[INFO] Tests are skipped.
[INFO] 
[INFO] --- maven-jar-plugin:2.4:jar (default-jar) @ models ---
[INFO] Building jar: /home/peng/test-codes/heika-test/models/target/models-1.0-SNAPSHOT.jar
[INFO]                                                                         
[INFO] ------------------------------------------------------------------------
[INFO] Building dao 1.0-SNAPSHOT
[INFO] ------------------------------------------------------------------------
[INFO] 
[INFO] --- maven-clean-plugin:2.5:clean (default-clean) @ dao ---
[INFO] Deleting /home/peng/test-codes/heika-test/dao/target
[INFO] 
[INFO] --- maven-resources-plugin:2.6:resources (default-resources) @ dao ---
[INFO] Using 'UTF-8' encoding to copy filtered resources.
[INFO] skip non existing resourceDirectory /home/peng/test-codes/heika-test/dao/src/main/resources
[INFO] 
[INFO] --- maven-compiler-plugin:3.1:compile (default-compile) @ dao ---
[INFO] Changes detected - recompiling the module!
[INFO] Compiling 14 source files to /home/peng/test-codes/heika-test/dao/target/classes
[WARNING] /home/peng/test-codes/heika-test/dao/src/main/java/com/heika/test/dao/base/BaseDaoHibernate4.java: Some input files use unchecked or unsafe operations.
[WARNING] /home/peng/test-codes/heika-test/dao/src/main/java/com/heika/test/dao/base/BaseDaoHibernate4.java: Recompile with -Xlint:unchecked for details.
[INFO] 
[INFO] --- maven-resources-plugin:2.6:testResources (default-testResources) @ dao ---
[INFO] Using 'UTF-8' encoding to copy filtered resources.
[INFO] skip non existing resourceDirectory /home/peng/test-codes/heika-test/dao/src/test/resources
[INFO] 
[INFO] --- maven-compiler-plugin:3.1:testCompile (default-testCompile) @ dao ---
[INFO] No sources to compile
[INFO] 
[INFO] --- maven-surefire-plugin:2.18.1:test (default-test) @ dao ---
[INFO] Tests are skipped.
[INFO] 
[INFO] --- maven-jar-plugin:2.4:jar (default-jar) @ dao ---
[INFO] Building jar: /home/peng/test-codes/heika-test/dao/target/dao-1.0-SNAPSHOT.jar
[INFO]                                                                         
[INFO] ------------------------------------------------------------------------
[INFO] Building services 1.0-SNAPSHOT
[INFO] ------------------------------------------------------------------------
[INFO] 
[INFO] --- maven-clean-plugin:2.5:clean (default-clean) @ services ---
[INFO] Deleting /home/peng/test-codes/heika-test/services/target
[INFO] 
[INFO] --- maven-resources-plugin:2.6:resources (default-resources) @ services ---
[INFO] Using 'UTF-8' encoding to copy filtered resources.
[INFO] skip non existing resourceDirectory /home/peng/test-codes/heika-test/services/src/main/resources
[INFO] 
[INFO] --- maven-compiler-plugin:3.1:compile (default-compile) @ services ---
[INFO] Changes detected - recompiling the module!
[INFO] Compiling 24 source files to /home/peng/test-codes/heika-test/services/target/classes
[INFO] 
[INFO] --- maven-resources-plugin:2.6:testResources (default-testResources) @ services ---
[INFO] Using 'UTF-8' encoding to copy filtered resources.
[INFO] skip non existing resourceDirectory /home/peng/test-codes/heika-test/services/src/test/resources
[INFO] 
[INFO] --- maven-compiler-plugin:3.1:testCompile (default-testCompile) @ services ---
[INFO] Changes detected - recompiling the module!
[INFO] Compiling 1 source file to /home/peng/test-codes/heika-test/services/target/test-classes
[INFO] 
[INFO] --- maven-surefire-plugin:2.18.1:test (default-test) @ services ---
[INFO] Tests are skipped.
[INFO] 
[INFO] --- maven-jar-plugin:2.4:jar (default-jar) @ services ---
[INFO] Building jar: /home/peng/test-codes/heika-test/services/target/services-1.0-SNAPSHOT.jar
[INFO]                                                                         
[INFO] ------------------------------------------------------------------------
[INFO] Building verify-ui 1.0-SNAPSHOT
[INFO] ------------------------------------------------------------------------
[INFO] 
[INFO] --- maven-clean-plugin:2.5:clean (default-clean) @ verify-ui ---
[INFO] Deleting /home/peng/test-codes/heika-test/verify-ui/target
[INFO] 
[INFO] --- maven-resources-plugin:2.6:resources (default-resources) @ verify-ui ---
[INFO] Using 'UTF-8' encoding to copy filtered resources.
[INFO] skip non existing resourceDirectory /home/peng/test-codes/heika-test/verify-ui/src/main/resources
[INFO] 
[INFO] --- maven-compiler-plugin:3.1:compile (default-compile) @ verify-ui ---
[INFO] Changes detected - recompiling the module!
[INFO] Compiling 35 source files to /home/peng/test-codes/heika-test/verify-ui/target/classes
[WARNING] /home/peng/test-codes/heika-test/verify-ui/src/main/java/com/heika/test/ui/elements/widget/NavTreeImpl.java:[13,33] sun.reflect.generics.tree.Tree is internal proprietary API and may be removed in a future release
[INFO] 
[INFO] --- maven-resources-plugin:2.6:testResources (default-testResources) @ verify-ui ---
[INFO] Using 'UTF-8' encoding to copy filtered resources.
[INFO] skip non existing resourceDirectory /home/peng/test-codes/heika-test/verify-ui/src/test/resources
[INFO] 
[INFO] --- maven-compiler-plugin:3.1:testCompile (default-testCompile) @ verify-ui ---
[INFO] Nothing to compile - all classes are up to date
[INFO] 
[INFO] --- maven-surefire-plugin:2.18.1:test (default-test) @ verify-ui ---
[INFO] Tests are skipped.
[INFO] 
[INFO] --- maven-jar-plugin:2.4:jar (default-jar) @ verify-ui ---
[INFO] Building jar: /home/peng/test-codes/heika-test/verify-ui/target/verify-ui-1.0-SNAPSHOT.jar
[INFO]                                                                         
[INFO] ------------------------------------------------------------------------
[INFO] Building verify-test 1.0-SNAPSHOT
[INFO] ------------------------------------------------------------------------
[INFO] 
[INFO] --- maven-clean-plugin:2.5:clean (default-clean) @ verify-test ---
[INFO] Deleting /home/peng/test-codes/heika-test/verify-test/target
[INFO] 
[INFO] --- maven-resources-plugin:2.6:resources (default-resources) @ verify-test ---
[INFO] Using 'UTF-8' encoding to copy filtered resources.
[INFO] skip non existing resourceDirectory /home/peng/test-codes/heika-test/verify-test/src/main/resources
[INFO] 
[INFO] --- maven-compiler-plugin:3.1:compile (default-compile) @ verify-test ---
[INFO] Nothing to compile - all classes are up to date
[INFO] 
[INFO] --- maven-resources-plugin:2.6:testResources (default-testResources) @ verify-test ---
[INFO] Using 'UTF-8' encoding to copy filtered resources.
[INFO] Copying 2 resources
[INFO] 
[INFO] --- maven-compiler-plugin:3.1:testCompile (default-testCompile) @ verify-test ---
[INFO] Changes detected - recompiling the module!
[INFO] Compiling 6 source files to /home/peng/test-codes/heika-test/verify-test/target/test-classes
[INFO] 
[INFO] --- maven-surefire-plugin:2.18.1:test (default-test) @ verify-test ---
[INFO] Surefire report directory: /home/peng/test-codes/heika-test/verify-test/target/surefire-reports

-------------------------------------------------------
 T E S T S
-------------------------------------------------------
Running TestSuite
[Testing] [2015-11-03 11:53:58] [Get userDetail from DB: investigateNoteInfo=investigateNote=CES
investigateUserName=超级管理员
investigateTime=1440060901000

firstVerifyNote=firstVerifyAmount=1.00
firstVerifyCardProductName=黑卡五星
firstVerifyNote=1
firstVerifyUserName=超级管理员
firstVerifyTime=1440586843000

secondVerify=secondVerifyAmount=20000.00
secondVerifyCardProductName=黑卡五星
secondVerifyNote=42452
secondVerifyUserName=超级管理员
secondVerifyTime=1440642093000

strategy=isOld=1
result=通过审批
amount=16000.00
cardProductId=黑卡一星

youxinBlackListEnum=NOT_IN_BLACK_LIST
]
Response: {"data":{"firstVerifyNote":{"firstVerifyAmount":"1.00","firstVerifyCardProductName":"黑卡五星","firstVerifyNote":"1","firstVerifyTime":1440586843000,"firstVerifyUserName":"超级管理员"},"investigateNoteInfo":{"investigateNote":"CES","investigateTime":1440060901000,"investigateUserName":"超级管理员"},"secondVerify":{"secondVerifyAmount":"20000.00","secondVerifyCardProductName":"黑卡五星","secondVerifyNote":"42452","secondVerifyTime":1440642093000,"secondVerifyUserName":"超级管理员"},"strategy":{"amount":"16000.00","cardProductId":"黑卡一星","isOld":"1","result":"通过审批"},"userInfo":{"InvestigateNote":"CES","address":"Hmmm haha","addressInvResult":"VALID","childStatus":"ONE","childStatusInvResult":"VALID","company":"Hjj","companyInvResult":"VALID","graduateYear":"2007","graduateYearInvResult":"VALID","graduation":"UNDERGRADUATE","graduationInvResult":"VALID","hasCar":"1","hasCarInvResult":"VALID","hasHouse":"0","hasHouseInvResult":"VALID","hasReverseIdCardBackPath":"0","hasReverseIdCardFrontPath":"0","hasReverseIdCardPhotoPath":"0","idCardBackPath":"/fd3acc59-d23e-4632-9d0d-e2d1b9a56923.jpg","idCardFrontPath":"/ed5192df-5b2c-4c32-92c7-8d60959c0724.jpg","idCardNo":"320303198810055633","marriageStatus":"WIDOWED","marriageStatusInvResult":"VALID","monthlySalary":"6000","monthlySalaryInvResult":"VALID","monthlySalaryRefine":"6500","pbcReportInvResult":"VALID","phoneInvResult":"VALID","realName":"罗肜","realNameInvResult":"VALID","realNameVerifyStatus":"1","university":"其他大学","universityInvResult":"VALID","urgentMobile":"13718250181","urgentMobileInvResult":"VALID","urgentName":"Uik","urgentNameInvResult":"VALID","urgentRelation":"Know","urgentRelationInvResult":"VALID","workPhoneInvResult":"VALID","workPosition":"高级总监","workPositionInvResult":"VALID"},"youxinBlackListEnum":"NOT_IN_BLACK_LIST"},"message":"","status":0}
[Testing] [2015-11-03 11:53:58] [Get userDetail from response: investigateNoteInfo=investigateNote=CES
investigateUserName=超级管理员
investigateTime=1440060901000

firstVerifyNote=firstVerifyAmount=1.00
firstVerifyCardProductName=黑卡五星
firstVerifyNote=1
firstVerifyUserName=超级管理员
firstVerifyTime=1440586843000

secondVerify=secondVerifyAmount=20000.00
secondVerifyCardProductName=黑卡五星
secondVerifyNote=42452
secondVerifyUserName=超级管理员
secondVerifyTime=1440642093000

strategy=isOld=1
result=通过审批
amount=16000.00
cardProductId=黑卡一星

youxinBlackListEnum=NOT_IN_BLACK_LIST
]
The element count for page num 1, page size 10

The element count for page num 2, page size 10

The element count for page num 3, page size 10

The element count for page num 4, page size 10

The element count for page num 5, page size 10

The element count for page num 6, page size 10

The element count for page num 7, page size 10

The element count for page num 8, page size 10

The element count for page num 9, page size 10

The element count for page num 10, page size 10

The element count for page num 11, page size 10

The element count for page num 12, page size 10

The element count for page num 13, page size 10

The element count for page num 14, page size 10

The element count for page num 15, page size 10

The element count for page num 16, page size 10

The element count for page num 17, page size 10

The element count for page num 18, page size 10

The element count for page num 19, page size 10

The element count for page num 20, page size 10

The element count for page num 21, page size 10

The element count for page num 22, page size 10

The element count for page num 23, page size 10

The element count for page num 24, page size 10

The element count for page num 25, page size 10

The element count for page num 1, page size 20

The element count for page num 2, page size 20

The element count for page num 3, page size 20

The element count for page num 4, page size 20

The element count for page num 5, page size 20

The element count for page num 6, page size 20

The element count for page num 7, page size 20

The element count for page num 8, page size 20

The element count for page num 9, page size 20

The element count for page num 10, page size 20

The element count for page num 11, page size 20

The element count for page num 12, page size 20

The element count for page num 13, page size 20

The element count for page num 1, page size 50

The element count for page num 2, page size 50

The element count for page num 3, page size 50

The element count for page num 4, page size 50

The element count for page num 5, page size 50

The element count for page num 1, page size 100

The element count for page num 2, page size 100

The element count for page num 3, page size 100

The element count for page num 1, page size 200

The element count for page num 2, page size 200

Sending request with following params: pageNum=1&pageSize=999&type=&key=&verifyStatuses=UNCOMMIT
Sending request with following params: pageNum=1&pageSize=999&type=&key=&verifyStatuses=INQUIREING
Sending request with following params: pageNum=1&pageSize=999&type=&key=&verifyStatuses=VERIFY_FAIL
Sending request with following params: pageNum=1&pageSize=999&type=&key=&verifyStatuses=INQUIRE_SUCCESS
Sending request with following params: pageNum=1&pageSize=999&type=&key=&verifyStatuses=FIRST_SEND_BACK
Sending request with following params: pageNum=1&pageSize=999&type=&key=&verifyStatuses=FIRST_VERIFY_SUCCESS
Sending request with following params: pageNum=1&pageSize=999&type=&key=&verifyStatuses=SECOND_SEND_BACK
Sending request with following params: pageNum=1&pageSize=999&type=&key=&verifyStatuses=VERIFY_REJECT
Sending request with following params: pageNum=1&pageSize=999&type=&key=&verifyStatuses=VERIFY_SUCCESS
Sending request with following params: pageNum=1&pageSize=999&type=NICKNAME&key=&verifyStatuses=UNCOMMIT
Sending request with following params: pageNum=1&pageSize=999&type=MOBILE&key=&verifyStatuses=UNCOMMIT
Sending request with following params: pageNum=1&pageSize=999&type=IDCARD&key=&verifyStatuses=UNCOMMIT
Sending request with following params: pageNum=1&pageSize=999&type=USERNAME&key=&verifyStatuses=UNCOMMIT
Sending request with following params: pageNum=1&pageSize=999&type=NICKNAME&key=&verifyStatuses=INQUIREING
Sending request with following params: pageNum=1&pageSize=999&type=MOBILE&key=&verifyStatuses=INQUIREING
Sending request with following params: pageNum=1&pageSize=999&type=IDCARD&key=&verifyStatuses=INQUIREING
Sending request with following params: pageNum=1&pageSize=999&type=USERNAME&key=&verifyStatuses=INQUIREING
Sending request with following params: pageNum=1&pageSize=999&type=NICKNAME&key=&verifyStatuses=VERIFY_FAIL
Sending request with following params: pageNum=1&pageSize=999&type=MOBILE&key=&verifyStatuses=VERIFY_FAIL
Sending request with following params: pageNum=1&pageSize=999&type=IDCARD&key=&verifyStatuses=VERIFY_FAIL
Sending request with following params: pageNum=1&pageSize=999&type=USERNAME&key=&verifyStatuses=VERIFY_FAIL
Sending request with following params: pageNum=1&pageSize=999&type=NICKNAME&key=&verifyStatuses=INQUIRE_SUCCESS
Sending request with following params: pageNum=1&pageSize=999&type=MOBILE&key=&verifyStatuses=INQUIRE_SUCCESS
Sending request with following params: pageNum=1&pageSize=999&type=IDCARD&key=&verifyStatuses=INQUIRE_SUCCESS
Sending request with following params: pageNum=1&pageSize=999&type=USERNAME&key=&verifyStatuses=INQUIRE_SUCCESS
Sending request with following params: pageNum=1&pageSize=999&type=NICKNAME&key=&verifyStatuses=FIRST_SEND_BACK
Sending request with following params: pageNum=1&pageSize=999&type=MOBILE&key=&verifyStatuses=FIRST_SEND_BACK
Sending request with following params: pageNum=1&pageSize=999&type=IDCARD&key=&verifyStatuses=FIRST_SEND_BACK
Sending request with following params: pageNum=1&pageSize=999&type=USERNAME&key=&verifyStatuses=FIRST_SEND_BACK
Sending request with following params: pageNum=1&pageSize=999&type=NICKNAME&key=&verifyStatuses=FIRST_VERIFY_SUCCESS
Sending request with following params: pageNum=1&pageSize=999&type=MOBILE&key=&verifyStatuses=FIRST_VERIFY_SUCCESS
Sending request with following params: pageNum=1&pageSize=999&type=IDCARD&key=&verifyStatuses=FIRST_VERIFY_SUCCESS
Sending request with following params: pageNum=1&pageSize=999&type=USERNAME&key=&verifyStatuses=FIRST_VERIFY_SUCCESS
Sending request with following params: pageNum=1&pageSize=999&type=NICKNAME&key=&verifyStatuses=SECOND_SEND_BACK
Sending request with following params: pageNum=1&pageSize=999&type=MOBILE&key=&verifyStatuses=SECOND_SEND_BACK
Sending request with following params: pageNum=1&pageSize=999&type=IDCARD&key=&verifyStatuses=SECOND_SEND_BACK
Sending request with following params: pageNum=1&pageSize=999&type=USERNAME&key=&verifyStatuses=SECOND_SEND_BACK
Sending request with following params: pageNum=1&pageSize=999&type=NICKNAME&key=&verifyStatuses=VERIFY_REJECT
Sending request with following params: pageNum=1&pageSize=999&type=MOBILE&key=&verifyStatuses=VERIFY_REJECT
Sending request with following params: pageNum=1&pageSize=999&type=IDCARD&key=&verifyStatuses=VERIFY_REJECT
Sending request with following params: pageNum=1&pageSize=999&type=USERNAME&key=&verifyStatuses=VERIFY_REJECT
Sending request with following params: pageNum=1&pageSize=999&type=NICKNAME&key=&verifyStatuses=VERIFY_SUCCESS
Sending request with following params: pageNum=1&pageSize=999&type=MOBILE&key=&verifyStatuses=VERIFY_SUCCESS
Sending request with following params: pageNum=1&pageSize=999&type=IDCARD&key=&verifyStatuses=VERIFY_SUCCESS
Sending request with following params: pageNum=1&pageSize=999&type=USERNAME&key=&verifyStatuses=VERIFY_SUCCESS
Sending request with following params: pageNum=1&pageSize=999&type=NICKNAME&key=final_test31&verifyStatuses=UNCOMMIT
Sending request with following params: pageNum=1&pageSize=999&type=MOBILE&key=13612100001&verifyStatuses=UNCOMMIT
Sending request with following params: pageNum=1&pageSize=999&type=IDCARD&key=620600198111148628&verifyStatuses=UNCOMMIT
Sending request with following params: pageNum=1&pageSize=999&type=USERNAME&key=王大1&verifyStatuses=UNCOMMIT
Sending request with following params: pageNum=1&pageSize=999&type=NICKNAME&key=rrd_111&verifyStatuses=INQUIREING
Sending request with following params: pageNum=1&pageSize=999&type=MOBILE&key=13812200111&verifyStatuses=INQUIREING
Sending request with following params: pageNum=1&pageSize=999&type=IDCARD&key=620600198111148628&verifyStatuses=INQUIREING
Sending request with following params: pageNum=1&pageSize=999&type=USERNAME&key=测试111&verifyStatuses=INQUIREING
Sending request with following params: pageNum=1&pageSize=999&type=NICKNAME&key=rrd_80&verifyStatuses=VERIFY_FAIL
Sending request with following params: pageNum=1&pageSize=999&type=MOBILE&key=13812200080&verifyStatuses=VERIFY_FAIL
Sending request with following params: pageNum=1&pageSize=999&type=IDCARD&key=620600198111148628&verifyStatuses=VERIFY_FAIL
Sending request with following params: pageNum=1&pageSize=999&type=USERNAME&key=测试80&verifyStatuses=VERIFY_FAIL
Sending request with following params: pageNum=1&pageSize=999&type=NICKNAME&key=rrd_92&verifyStatuses=INQUIRE_SUCCESS
Sending request with following params: pageNum=1&pageSize=999&type=MOBILE&key=13812200092&verifyStatuses=INQUIRE_SUCCESS
Sending request with following params: pageNum=1&pageSize=999&type=IDCARD&key=620600198111148628&verifyStatuses=INQUIRE_SUCCESS
Sending request with following params: pageNum=1&pageSize=999&type=USERNAME&key=测试92&verifyStatuses=INQUIRE_SUCCESS
Sending request with following params: pageNum=1&pageSize=999&type=NICKNAME&key=rrd_88&verifyStatuses=FIRST_SEND_BACK
Sending request with following params: pageNum=1&pageSize=999&type=MOBILE&key=13812200088&verifyStatuses=FIRST_SEND_BACK
Sending request with following params: pageNum=1&pageSize=999&type=IDCARD&key=620600198111148628&verifyStatuses=FIRST_SEND_BACK
Sending request with following params: pageNum=1&pageSize=999&type=USERNAME&key=测试88&verifyStatuses=FIRST_SEND_BACK
Sending request with following params: pageNum=1&pageSize=999&type=NICKNAME&key=rrd_85&verifyStatuses=FIRST_VERIFY_SUCCESS
Sending request with following params: pageNum=1&pageSize=999&type=MOBILE&key=13812200085&verifyStatuses=FIRST_VERIFY_SUCCESS
Sending request with following params: pageNum=1&pageSize=999&type=IDCARD&key=620600198111148628&verifyStatuses=FIRST_VERIFY_SUCCESS
Sending request with following params: pageNum=1&pageSize=999&type=USERNAME&key=测试85&verifyStatuses=FIRST_VERIFY_SUCCESS
Sending request with following params: pageNum=1&pageSize=999&type=NICKNAME&key=rrd_48&verifyStatuses=SECOND_SEND_BACK
Sending request with following params: pageNum=1&pageSize=999&type=MOBILE&key=13812200048&verifyStatuses=SECOND_SEND_BACK
Sending request with following params: pageNum=1&pageSize=999&type=IDCARD&key=620600198111148628&verifyStatuses=SECOND_SEND_BACK
Sending request with following params: pageNum=1&pageSize=999&type=USERNAME&key=测试48&verifyStatuses=SECOND_SEND_BACK
Sending request with following params: pageNum=1&pageSize=999&type=NICKNAME&key=rrd_20&verifyStatuses=VERIFY_REJECT
Sending request with following params: pageNum=1&pageSize=999&type=MOBILE&key=13812200020&verifyStatuses=VERIFY_REJECT
Sending request with following params: pageNum=1&pageSize=999&type=IDCARD&key=620600198111148628&verifyStatuses=VERIFY_REJECT
Sending request with following params: pageNum=1&pageSize=999&type=USERNAME&key=测试20&verifyStatuses=VERIFY_REJECT
Sending request with following params: pageNum=1&pageSize=999&type=NICKNAME&key=rrd_69&verifyStatuses=VERIFY_SUCCESS
Sending request with following params: pageNum=1&pageSize=999&type=MOBILE&key=13812200069&verifyStatuses=VERIFY_SUCCESS
Sending request with following params: pageNum=1&pageSize=999&type=IDCARD&key=620600198111148628&verifyStatuses=VERIFY_SUCCESS
Sending request with following params: pageNum=1&pageSize=999&type=USERNAME&key=测试69&verifyStatuses=VERIFY_SUCCESS
Sending request with following params: pageNum=1&pageSize=999&type=NICKNAME&key=shenshuo111&verifyStatuses=
Sending request with following params: pageNum=1&pageSize=999&type=MOBILE&key=15911027605&verifyStatuses=
Sending request with following params: pageNum=1&pageSize=999&type=IDCARD&key=610830198212012014&verifyStatuses=
Sending request with following params: pageNum=1&pageSize=999&type=USERNAME&key=史良万&verifyStatuses=
Sending request with following params: pageNum=1&pageSize=999&type=NICKNAME&key=&verifyStatuses=
Sending request with following params: pageNum=1&pageSize=999&type=MOBILE&key=&verifyStatuses=
Sending request with following params: pageNum=1&pageSize=999&type=IDCARD&key=&verifyStatuses=
Sending request with following params: pageNum=1&pageSize=999&type=USERNAME&key=&verifyStatuses=
Tests run: 96, Failures: 0, Errors: 0, Skipped: 0, Time elapsed: 27.847 sec - in TestSuite

Results :

Tests run: 96, Failures: 0, Errors: 0, Skipped: 0

[INFO] 
[INFO] --- maven-jar-plugin:2.4:jar (default-jar) @ verify-test ---
[WARNING] JAR will be empty - no content was marked for inclusion!
[INFO] Building jar: /home/peng/test-codes/heika-test/verify-test/target/verify-test-1.0-SNAPSHOT.jar
[INFO]                                                                         
[INFO] ------------------------------------------------------------------------
[INFO] Building test-tools 1.0-SNAPSHOT
[INFO] ------------------------------------------------------------------------
[INFO] 
[INFO] --- maven-clean-plugin:2.5:clean (default-clean) @ test-tools ---
[INFO] Deleting /home/peng/test-codes/heika-test/test-tools/target
[INFO] 
[INFO] --- maven-resources-plugin:2.6:resources (default-resources) @ test-tools ---
[INFO] Using 'UTF-8' encoding to copy filtered resources.
[INFO] skip non existing resourceDirectory /home/peng/test-codes/heika-test/test-tools/src/main/resources
[INFO] 
[INFO] --- maven-compiler-plugin:3.1:compile (default-compile) @ test-tools ---
[INFO] Changes detected - recompiling the module!
[INFO] Compiling 1 source file to /home/peng/test-codes/heika-test/test-tools/target/classes
[INFO] 
[INFO] --- maven-resources-plugin:2.6:testResources (default-testResources) @ test-tools ---
[INFO] Using 'UTF-8' encoding to copy filtered resources.
[INFO] skip non existing resourceDirectory /home/peng/test-codes/heika-test/test-tools/src/test/resources
[INFO] 
[INFO] --- maven-compiler-plugin:3.1:testCompile (default-testCompile) @ test-tools ---
[INFO] Changes detected - recompiling the module!
[INFO] Compiling 1 source file to /home/peng/test-codes/heika-test/test-tools/target/test-classes
[INFO] 
[INFO] --- maven-surefire-plugin:2.18.1:test (default-test) @ test-tools ---
[INFO] Tests are skipped.
[INFO] 
[INFO] --- maven-jar-plugin:2.4:jar (default-jar) @ test-tools ---
[INFO] Building jar: /home/peng/test-codes/heika-test/test-tools/target/test-tools-1.0-SNAPSHOT.jar
[INFO] ------------------------------------------------------------------------
[INFO] Reactor Summary:
[INFO] 
[INFO] test ............................................... SUCCESS [  0.220 s]
[INFO] common ............................................. SUCCESS [  4.423 s]
[INFO] utils .............................................. SUCCESS [  1.258 s]
[INFO] entities ........................................... SUCCESS [  0.426 s]
[INFO] models ............................................. SUCCESS [  0.276 s]
[INFO] dao ................................................ SUCCESS [  0.545 s]
[INFO] services ........................................... SUCCESS [  0.524 s]
[INFO] verify-ui .......................................... SUCCESS [  0.949 s]
[INFO] verify-test ........................................ SUCCESS [ 29.187 s]
[INFO] test-tools ......................................... SUCCESS [  0.071 s]
[INFO] ------------------------------------------------------------------------
[INFO] BUILD SUCCESS
[INFO] ------------------------------------------------------------------------
[INFO] Total time: 38.119 s
[INFO] Finished at: 2015-11-03T11:54:19+08:00
[INFO] Final Memory: 31M/260M
[INFO] ------------------------------------------------------------------------
